<?xml version="1.0" encoding="UTF-8"?>
<!-- Generated by org.testng.reporters.JUnitReportReporter -->
<testsuite hostname="DESKTOP-21PKQEC" failures="0" tests="1" name="com.vtiger.CreateOrgTest" time="160.956" errors="0" timestamp="2023-02-06T16:57:30 IST" skipped="0">
  <testcase classname="com.vtiger.CreateOrgTest" name="createorg" time="160.956"/>
  <system-out/>
</testsuite> <!-- com.vtiger.CreateOrgTest -->
